<?xml version="1.0" encoding="UTF-8"?>
<!-- Generated by org.testng.reporters.JUnitXMLReporter -->
<testsuite ignored="2" hostname="LAPTOP-OOJD2GM0" failures="1" tests="1" name="Command line test" time="23.794" errors="0" timestamp="13 Jun 2023 04:08:09 GMT">
  <testcase classname="com.actionclasses.HomepageTest" name="homePageSearch" time="0.008">
    <failure type="java.lang.NullPointerException" message="Cannot invoke &amp;quot;java.util.Properties.getProperty(String)&amp;quot; because &amp;quot;this.pro&amp;quot; is null">
      <![CDATA[java.lang.NullPointerException: Cannot invoke "java.util.Properties.getProperty(String)" because "this.pro" is null
at com.actionclasses.HomepageTest.homePageSearch(HomepageTest.java:21)
... Removed 35 stack frames]]>
    </failure>
  </testcase> <!-- homePageSearch -->
  <testcase classname="com.utilities.BaseTest" name="@BeforeTest setup" time="0.0">
    <ignored/>
  </testcase> <!-- @BeforeTest setup -->
  <testcase classname="com.utilities.BaseTest" name="@AfterTest tearDown" time="0.0">
    <ignored/>
  </testcase> <!-- @AfterTest tearDown -->
</testsuite> <!-- Command line test -->
