<?xml version="1.0" encoding="UTF-8" ?>
<testsuite tests="1" failures="1" name="TestSuite" time="0.024" errors="0" skipped="0">
  <properties>
[...]
</properties>
  <testcase classname="com.actionclasses.HomepageTest" name="homePageSearch" time="0.024">
    <failure message="Cannot invoke &quot;java.util.Properties.getProperty(String)&quot; because &quot;this.pro&quot; is null" type="java.lang.NullPointerException">java.lang.NullPointerException: Cannot invoke &quot;java.util.Properties.getProperty(String)&quot; because &quot;this.pro&quot; is null
	at com.actionclasses.HomepageTest.homePageSearch(HomepageTest.java:21)
</failure>
    <system-out>Configuring TestNG with: org.apache.maven.surefire.testng.conf.TestNG652Configurator@148080bb
chrome
durga prasad
</system-out>
  </testcase>
</testsuite>