<?xml version="1.0" encoding="UTF-8"?>
<testng-results ignored="0" total="1" passed="1" failed="0" skipped="0">
  <reporter-output>
  </reporter-output>
  <suite started-at="2023-09-12T19:54:06 IST" name="Default suite" finished-at="2023-09-12T19:54:28 IST" duration-ms="21663">
    <groups>
    </groups>
    <test started-at="2023-09-12T19:54:06 IST" name="Default test" finished-at="2023-09-12T19:54:28 IST" duration-ms="21663">
      <class name="com.naveenvideos.BrowserInvocation5">
        <test-method signature="BrowserInvocation()[pri:0, instance:com.naveenvideos.BrowserInvocation5@7671cb68]" started-at="2023-09-12T19:54:06 IST" name="BrowserInvocation" finished-at="2023-09-12T19:54:28 IST" duration-ms="21593" status="PASS">
          <reporter-output>
          </reporter-output>
        </test-method> <!-- BrowserInvocation -->
      </class> <!-- com.naveenvideos.BrowserInvocation5 -->
    </test> <!-- Default test -->
  </suite> <!-- Default suite -->
</testng-results>
