<?xml version="1.0" encoding="UTF-8"?>
<testng-results ignored="0" total="1" passed="1" failed="0" skipped="0">
  <reporter-output>
  </reporter-output>
  <suite started-at="2023-06-08T09:09:17 IST" name="Default suite" finished-at="2023-06-08T09:09:46 IST" duration-ms="29301">
    <groups>
    </groups>
    <test started-at="2023-06-08T09:09:17 IST" name="Default test" finished-at="2023-06-08T09:09:46 IST" duration-ms="29301">
      <class name="com.practice.Locaters">
        <test-method signature="Locaters()[pri:0, instance:com.practice.Locaters@29647f75]" started-at="2023-06-08T09:09:17 IST" name="Locaters" finished-at="2023-06-08T09:09:46 IST" duration-ms="29112" status="PASS">
          <reporter-output>
          </reporter-output>
        </test-method> <!-- Locaters -->
      </class> <!-- com.practice.Locaters -->
    </test> <!-- Default test -->
  </suite> <!-- Default suite -->
</testng-results>
